c:\users\tsrayok\desktop\учёба\5_сем\тритпо\wildpixels\debug\vc142.pdb
c:\users\tsrayok\desktop\учёба\5_сем\тритпо\wildpixels\debug\vc142.idb
c:\users\tsrayok\desktop\учёба\5_сем\тритпо\wildpixels\debug\observer.obj
c:\users\tsrayok\desktop\учёба\5_сем\тритпо\wildpixels\debug\gamecicle.obj
c:\users\tsrayok\desktop\учёба\5_сем\тритпо\wildpixels\debug\values.obj
c:\users\tsrayok\desktop\учёба\5_сем\тритпо\wildpixels\debug\objectstorage.obj
c:\users\tsrayok\desktop\учёба\5_сем\тритпо\wildpixels\debug\object.obj
c:\users\tsrayok\desktop\учёба\5_сем\тритпо\wildpixels\debug\maincharacter.obj
c:\users\tsrayok\desktop\учёба\5_сем\тритпо\wildpixels\debug\interface.obj
c:\users\tsrayok\desktop\учёба\5_сем\тритпо\wildpixels\debug\gameinit.obj
c:\users\tsrayok\desktop\учёба\5_сем\тритпо\wildpixels\debug\entity.obj
c:\users\tsrayok\desktop\учёба\5_сем\тритпо\wildpixels\debug\character.obj
c:\users\tsrayok\desktop\учёба\5_сем\тритпо\wildpixels\debug\camera.obj
c:\users\tsrayok\desktop\учёба\5_сем\тритпо\wildpixels\debug\background.obj
c:\users\tsrayok\desktop\учёба\5_сем\тритпо\wildpixels\debug\border.obj
c:\users\tsrayok\desktop\учёба\5_сем\тритпо\wildpixels\debug\chest.obj
c:\users\tsrayok\desktop\учёба\5_сем\тритпо\wildpixels\debug\wall.obj
c:\users\tsrayok\desktop\учёба\5_сем\тритпо\wildpixels\debug\collisionobject.obj
c:\users\tsrayok\desktop\учёба\5_сем\тритпо\wildpixels\debug\menu.obj
c:\users\tsrayok\desktop\учёба\5_сем\тритпо\wildpixels\debug\button.obj
c:\users\tsrayok\desktop\учёба\5_сем\тритпо\wildpixels\debug\enemycharacter.obj
c:\users\tsrayok\desktop\учёба\5_сем\тритпо\wildpixels\debug\maincontroller.obj
c:\users\tsrayok\desktop\учёба\5_сем\тритпо\wildpixels\debug\wildpixels.exe
c:\users\tsrayok\desktop\учёба\5_сем\тритпо\wildpixels\debug\wildpixels.ilk
c:\users\tsrayok\desktop\учёба\5_сем\тритпо\wildpixels\debug\wildpixels.pdb
c:\users\tsrayok\desktop\учёба\5_сем\тритпо\wildpixels\debug\wildpixels.tlog\cl.command.1.tlog
c:\users\tsrayok\desktop\учёба\5_сем\тритпо\wildpixels\debug\wildpixels.tlog\cl.read.1.tlog
c:\users\tsrayok\desktop\учёба\5_сем\тритпо\wildpixels\debug\wildpixels.tlog\cl.write.1.tlog
c:\users\tsrayok\desktop\учёба\5_сем\тритпо\wildpixels\debug\wildpixels.tlog\link.command.1.tlog
c:\users\tsrayok\desktop\учёба\5_сем\тритпо\wildpixels\debug\wildpixels.tlog\link.read.1.tlog
c:\users\tsrayok\desktop\учёба\5_сем\тритпо\wildpixels\debug\wildpixels.tlog\link.write.1.tlog
